#################################################################
# If you used AutoDock Vina in your work, please cite:          #
#                                                               #
# O. Trott, A. J. Olson,                                        #
# AutoDock Vina: improving the speed and accuracy of docking    #
# with a new scoring function, efficient optimization and       #
# multithreading, Journal of Computational Chemistry 31 (2010)  #
# 455-461                                                       #
#                                                               #
# DOI 10.1002/jcc.21334                                         #
#                                                               #
# Please see http://vina.scripps.edu for more information.      #
#################################################################

Detected 4 CPUs
Reading input ... done.
Setting up the scoring function ... done.
Analyzing the binding site ... done.
Using random seed: -1843011178
Performing search ... done.
Refining results ... done.

mode |   affinity | dist from best mode
     | (kcal/mol) | rmsd l.b.| rmsd u.b.
-----+------------+----------+----------
   1        -11.0      0.000      0.000
   2        -10.2      1.419      1.669
   3        -10.0      5.645     10.424
   4         -9.9      4.622      9.534
   5         -9.9      5.534     10.957
   6         -9.9      1.905      2.351
   7         -9.8      4.153      8.630
   8         -9.7      4.843     11.473
   9         -9.7      4.829     11.418
Writing output ... done.
